This is pdfTeX, Version 3.14159265-2.6-1.40.21 (MiKTeX 2.9.7400) (preloaded format=pdflatex 2020.5.25)  5 JUN 2020 23:10
entering extended mode
**./2020.06.01-Analysis-Description.tex
(2020.06.01-Analysis-Description.tex
LaTeX2e <2020-02-02> patch level 5
L3 programming layer <2020-04-06>
("/Users/arjun/Library/Application Support/MiKTeX/texmfs/install/tex/latex/base
/article.cls"
Document Class: article 2019/12/20 v1.4l Standard LaTeX document class

("/Users/arjun/Library/Application Support/MiKTeX/texmfs/install/tex/latex/base
/size10.clo"
File: size10.clo 2019/12/20 v1.4l Standard LaTeX file (size option)
)
\c@part=\count167
\c@section=\count168
\c@subsection=\count169
\c@subsubsection=\count170
\c@paragraph=\count171
\c@subparagraph=\count172
\c@figure=\count173
\c@table=\count174
\abovecaptionskip=\skip47
\belowcaptionskip=\skip48
\bibindent=\dimen134
)
("/Users/arjun/Library/Application Support/MiKTeX/texmfs/install/tex/latex/lm/l
modern.sty"
Package: lmodern 2009/10/30 v1.6 Latin Modern Fonts
LaTeX Font Info:    Overwriting symbol font `operators' in version `normal'
(Font)                  OT1/cmr/m/n --> OT1/lmr/m/n on input line 22.
LaTeX Font Info:    Overwriting symbol font `letters' in version `normal'
(Font)                  OML/cmm/m/it --> OML/lmm/m/it on input line 23.
LaTeX Font Info:    Overwriting symbol font `symbols' in version `normal'
(Font)                  OMS/cmsy/m/n --> OMS/lmsy/m/n on input line 24.
LaTeX Font Info:    Overwriting symbol font `largesymbols' in version `normal'
(Font)                  OMX/cmex/m/n --> OMX/lmex/m/n on input line 25.
LaTeX Font Info:    Overwriting symbol font `operators' in version `bold'
(Font)                  OT1/cmr/bx/n --> OT1/lmr/bx/n on input line 26.
LaTeX Font Info:    Overwriting symbol font `letters' in version `bold'
(Font)                  OML/cmm/b/it --> OML/lmm/b/it on input line 27.
LaTeX Font Info:    Overwriting symbol font `symbols' in version `bold'
(Font)                  OMS/cmsy/b/n --> OMS/lmsy/b/n on input line 28.
LaTeX Font Info:    Overwriting symbol font `largesymbols' in version `bold'
(Font)                  OMX/cmex/m/n --> OMX/lmex/m/n on input line 29.
LaTeX Font Info:    Overwriting math alphabet `\mathbf' in version `normal'
(Font)                  OT1/cmr/bx/n --> OT1/lmr/bx/n on input line 31.
LaTeX Font Info:    Overwriting math alphabet `\mathsf' in version `normal'
(Font)                  OT1/cmss/m/n --> OT1/lmss/m/n on input line 32.
LaTeX Font Info:    Overwriting math alphabet `\mathit' in version `normal'
(Font)                  OT1/cmr/m/it --> OT1/lmr/m/it on input line 33.
LaTeX Font Info:    Overwriting math alphabet `\mathtt' in version `normal'
(Font)                  OT1/cmtt/m/n --> OT1/lmtt/m/n on input line 34.
LaTeX Font Info:    Overwriting math alphabet `\mathbf' in version `bold'
(Font)                  OT1/cmr/bx/n --> OT1/lmr/bx/n on input line 35.
LaTeX Font Info:    Overwriting math alphabet `\mathsf' in version `bold'
(Font)                  OT1/cmss/bx/n --> OT1/lmss/bx/n on input line 36.
LaTeX Font Info:    Overwriting math alphabet `\mathit' in version `bold'
(Font)                  OT1/cmr/bx/it --> OT1/lmr/bx/it on input line 37.
LaTeX Font Info:    Overwriting math alphabet `\mathtt' in version `bold'
(Font)                  OT1/cmtt/m/n --> OT1/lmtt/m/n on input line 38.
)
("/Users/arjun/Library/Application Support/MiKTeX/texmfs/install/tex/latex/amsf
onts/amssymb.sty"
Package: amssymb 2013/01/14 v3.01 AMS font symbols

("/Users/arjun/Library/Application Support/MiKTeX/texmfs/install/tex/latex/amsf
onts/amsfonts.sty"
Package: amsfonts 2013/01/14 v3.01 Basic AMSFonts support
\@emptytoks=\toks15
\symAMSa=\mathgroup4
\symAMSb=\mathgroup5
LaTeX Font Info:    Redeclaring math symbol \hbar on input line 98.
LaTeX Font Info:    Overwriting math alphabet `\mathfrak' in version `bold'
(Font)                  U/euf/m/n --> U/euf/b/n on input line 106.
))
("/Users/arjun/Library/Application Support/MiKTeX/texmfs/install/tex/latex/amsm
ath/amsmath.sty"
Package: amsmath 2020/01/20 v2.17e AMS math features
\@mathmargin=\skip49
For additional information on amsmath, use the `?' option.

("/Users/arjun/Library/Application Support/MiKTeX/texmfs/install/tex/latex/amsm
ath/amstext.sty"
Package: amstext 2000/06/29 v2.01 AMS text

("/Users/arjun/Library/Application Support/MiKTeX/texmfs/install/tex/latex/amsm
ath/amsgen.sty"
File: amsgen.sty 1999/11/30 v2.0 generic functions
\@emptytoks=\toks16
\ex@=\dimen135
))
("/Users/arjun/Library/Application Support/MiKTeX/texmfs/install/tex/latex/amsm
ath/amsbsy.sty"
Package: amsbsy 1999/11/29 v1.2d Bold Symbols
\pmbraise@=\dimen136
)
("/Users/arjun/Library/Application Support/MiKTeX/texmfs/install/tex/latex/amsm
ath/amsopn.sty"
Package: amsopn 2016/03/08 v2.02 operator names
)
\inf@bad=\count175
LaTeX Info: Redefining \frac on input line 227.
\uproot@=\count176
\leftroot@=\count177
LaTeX Info: Redefining \overline on input line 389.
\classnum@=\count178
\DOTSCASE@=\count179
LaTeX Info: Redefining \ldots on input line 486.
LaTeX Info: Redefining \dots on input line 489.
LaTeX Info: Redefining \cdots on input line 610.
\Mathstrutbox@=\box45
\strutbox@=\box46
\big@size=\dimen137
LaTeX Font Info:    Redeclaring font encoding OML on input line 733.
LaTeX Font Info:    Redeclaring font encoding OMS on input line 734.
\macc@depth=\count180
\c@MaxMatrixCols=\count181
\dotsspace@=\muskip16
\c@parentequation=\count182
\dspbrk@lvl=\count183
\tag@help=\toks17
\row@=\count184
\column@=\count185
\maxfields@=\count186
\andhelp@=\toks18
\eqnshift@=\dimen138
\alignsep@=\dimen139
\tagshift@=\dimen140
\tagwidth@=\dimen141
\totwidth@=\dimen142
\lineht@=\dimen143
\@envbody=\toks19
\multlinegap=\skip50
\multlinetaggap=\skip51
\mathdisplay@stack=\toks20
LaTeX Info: Redefining \[ on input line 2859.
LaTeX Info: Redefining \] on input line 2860.
)
("/Users/arjun/Library/Application Support/MiKTeX/texmfs/install/tex/generic/if
tex/ifxetex.sty"
Package: ifxetex 2019/10/25 v0.7 ifxetex legacy package. Use iftex instead.

("/Users/arjun/Library/Application Support/MiKTeX/texmfs/install/tex/generic/if
tex/iftex.sty"
Package: iftex 2020/03/06 v1.0d TeX engine tests
))
("/Users/arjun/Library/Application Support/MiKTeX/texmfs/install/tex/generic/if
tex/ifluatex.sty"
Package: ifluatex 2019/10/25 v1.5 ifluatex legacy package. Use iftex instead.
)
("/Users/arjun/Library/Application Support/MiKTeX/texmfs/install/tex/latex/base
/fixltx2e.sty"
Package: fixltx2e 2016/12/29 v2.1a fixes to LaTeX (obsolete)
Applying: [2015/01/01] Old fixltx2e package on input line 46.

Package fixltx2e Warning: fixltx2e is not required with releases after 2015
(fixltx2e)                All fixes are now in the LaTeX kernel.
(fixltx2e)                See the latexrelease package for details.

Already applied: [0000/00/00] Old fixltx2e package on input line 53.
)
("/Users/arjun/Library/Application Support/MiKTeX/texmfs/install/tex/latex/base
/fontenc.sty"
Package: fontenc 2020/02/11 v2.0o Standard LaTeX package
LaTeX Font Info:    Trying to load font information for T1+lmr on input line 11
2.

("/Users/arjun/Library/Application Support/MiKTeX/texmfs/install/tex/latex/lm/t
1lmr.fd"
File: t1lmr.fd 2009/10/30 v1.6 Font defs for Latin Modern
))
("/Users/arjun/Library/Application Support/MiKTeX/texmfs/install/tex/latex/base
/inputenc.sty"
Package: inputenc 2018/08/11 v1.3c Input encoding file
\inpenc@prehook=\toks21
\inpenc@posthook=\toks22
)
("/Users/arjun/Library/Application Support/MiKTeX/texmfs/install/tex/latex/base
/textcomp.sty"
Package: textcomp 2020/02/02 v2.0n Standard LaTeX package
)
("/Users/arjun/Library/Application Support/MiKTeX/texmfs/install/tex/latex/upqu
ote/upquote.sty"
Package: upquote 2012/04/19 v1.3 upright-quote and grave-accent glyphs in verba
tim
)
("/Users/arjun/Library/Application Support/MiKTeX/texmfs/install/tex/latex/micr
otype/microtype.sty"
Package: microtype 2019/11/18 v2.7d Micro-typographical refinements (RS)

("/Users/arjun/Library/Application Support/MiKTeX/texmfs/install/tex/latex/grap
hics/keyval.sty"
Package: keyval 2014/10/28 v1.15 key=value parser (DPC)
\KV@toks@=\toks23
)
\MT@toks=\toks24
\MT@count=\count187
LaTeX Info: Redefining \textls on input line 790.
\MT@outer@kern=\dimen144
LaTeX Info: Redefining \textmicrotypecontext on input line 1354.
\MT@listname@count=\count188

("/Users/arjun/Library/Application Support/MiKTeX/texmfs/install/tex/latex/micr
otype/microtype-pdftex.def"
File: microtype-pdftex.def 2019/11/18 v2.7d Definitions specific to pdftex (RS)

LaTeX Info: Redefining \lsstyle on input line 914.
LaTeX Info: Redefining \lslig on input line 914.
\MT@outer@space=\skip52
)
Package microtype Info: Loading configuration file microtype.cfg.

("/Users/arjun/Library/Application Support/MiKTeX/texmfs/install/tex/latex/micr
otype/microtype.cfg"
File: microtype.cfg 2019/11/18 v2.7d microtype main configuration file (RS)
))
("/Users/arjun/Library/Application Support/MiKTeX/texmfs/install/tex/latex/pars
kip/parskip.sty"
Package: parskip 2020-05-19 v2.0e non-zero parskip adjustments

("/Users/arjun/Library/Application Support/MiKTeX/texmfs/install/tex/latex/kvop
tions/kvoptions.sty"
Package: kvoptions 2019/11/29 v3.13 Key value format for package options (HO)

("/Users/arjun/Library/Application Support/MiKTeX/texmfs/install/tex/generic/lt
xcmds/ltxcmds.sty"
Package: ltxcmds 2019/12/15 v1.24 LaTeX kernel commands for general use (HO)
)
("/Users/arjun/Library/Application Support/MiKTeX/texmfs/install/tex/generic/kv
setkeys/kvsetkeys.sty"
Package: kvsetkeys 2019/12/15 v1.18 Key value parser (HO)
))
("/Users/arjun/Library/Application Support/MiKTeX/texmfs/install/tex/latex/etoo
lbox/etoolbox.sty"
Package: etoolbox 2019/09/21 v2.5h e-TeX tools for LaTeX (JAW)
\etb@tempcnta=\count189
))
("/Users/arjun/Library/Application Support/MiKTeX/texmfs/install/tex/latex/hype
rref/hyperref.sty"
Package: hyperref 2020-05-15 v7.00e Hypertext links for LaTeX

("/Users/arjun/Library/Application Support/MiKTeX/texmfs/install/tex/latex/pdft
excmds/pdftexcmds.sty"
Package: pdftexcmds 2019/11/24 v0.31 Utility functions of pdfTeX for LuaTeX (HO
)

("/Users/arjun/Library/Application Support/MiKTeX/texmfs/install/tex/generic/in
fwarerr/infwarerr.sty"
Package: infwarerr 2019/12/03 v1.5 Providing info/warning/error messages (HO)
)
Package pdftexcmds Info: \pdf@primitive is available.
Package pdftexcmds Info: \pdf@ifprimitive is available.
Package pdftexcmds Info: \pdfdraftmode found.
)
("/Users/arjun/Library/Application Support/MiKTeX/texmfs/install/tex/generic/kv
definekeys/kvdefinekeys.sty"
Package: kvdefinekeys 2019-12-19 v1.6 Define keys (HO)
)
("/Users/arjun/Library/Application Support/MiKTeX/texmfs/install/tex/generic/pd
fescape/pdfescape.sty"
Package: pdfescape 2019/12/09 v1.15 Implements pdfTeX's escape features (HO)
)
("/Users/arjun/Library/Application Support/MiKTeX/texmfs/install/tex/latex/hyco
lor/hycolor.sty"
Package: hycolor 2020-01-27 v1.10 Color options for hyperref/bookmark (HO)
)
("/Users/arjun/Library/Application Support/MiKTeX/texmfs/install/tex/latex/letl
txmacro/letltxmacro.sty"
Package: letltxmacro 2019/12/03 v1.6 Let assignment for LaTeX macros (HO)
)
("/Users/arjun/Library/Application Support/MiKTeX/texmfs/install/tex/latex/auxh
ook/auxhook.sty"
Package: auxhook 2019-12-17 v1.6 Hooks for auxiliary files (HO)
)
\@linkdim=\dimen145
\Hy@linkcounter=\count190
\Hy@pagecounter=\count191

("/Users/arjun/Library/Application Support/MiKTeX/texmfs/install/tex/latex/hype
rref/pd1enc.def"
File: pd1enc.def 2020-05-15 v7.00e Hyperref: PDFDocEncoding definition (HO)
Now handling font encoding PD1 ...
... no UTF-8 mapping file for font encoding PD1
)
("/Users/arjun/Library/Application Support/MiKTeX/texmfs/install/tex/generic/in
tcalc/intcalc.sty"
Package: intcalc 2019/12/15 v1.3 Expandable calculations with integers (HO)
)
("/Users/arjun/Library/Application Support/MiKTeX/texmfs/install/tex/generic/et
excmds/etexcmds.sty"
Package: etexcmds 2019/12/15 v1.7 Avoid name clashes with e-TeX commands (HO)
)
\Hy@SavedSpaceFactor=\count192
Package hyperref Info: Option `unicode' set `true' on input line 4338.

("/Users/arjun/Library/Application Support/MiKTeX/texmfs/install/tex/latex/hype
rref/puenc.def"
File: puenc.def 2020-05-15 v7.00e Hyperref: PDF Unicode definition (HO)
Now handling font encoding PU ...
... no UTF-8 mapping file for font encoding PU
)
Package hyperref Info: Hyper figures OFF on input line 4464.
Package hyperref Info: Link nesting OFF on input line 4469.
Package hyperref Info: Hyper index ON on input line 4472.
Package hyperref Info: Plain pages OFF on input line 4479.
Package hyperref Info: Backreferencing OFF on input line 4484.
Package hyperref Info: Implicit mode ON; LaTeX internals redefined.
Package hyperref Info: Bookmarks ON on input line 4717.
\c@Hy@tempcnt=\count193

("/Users/arjun/Library/Application Support/MiKTeX/texmfs/install/tex/latex/url/
url.sty"
\Urlmuskip=\muskip17
Package: url 2013/09/16  ver 3.4  Verb mode for urls, etc.
)
LaTeX Info: Redefining \url on input line 5076.
\XeTeXLinkMargin=\dimen146

("/Users/arjun/Library/Application Support/MiKTeX/texmfs/install/tex/generic/bi
tset/bitset.sty"
Package: bitset 2019/12/09 v1.3 Handle bit-vector datatype (HO)

("/Users/arjun/Library/Application Support/MiKTeX/texmfs/install/tex/generic/bi
gintcalc/bigintcalc.sty"
Package: bigintcalc 2019/12/15 v1.5 Expandable calculations on big integers (HO
)
))
\Fld@menulength=\count194
\Field@Width=\dimen147
\Fld@charsize=\dimen148
Package hyperref Info: Hyper figures OFF on input line 6347.
Package hyperref Info: Link nesting OFF on input line 6352.
Package hyperref Info: Hyper index ON on input line 6355.
Package hyperref Info: backreferencing OFF on input line 6362.
Package hyperref Info: Link coloring OFF on input line 6367.
Package hyperref Info: Link coloring with OCG OFF on input line 6372.
Package hyperref Info: PDF/A mode OFF on input line 6377.
LaTeX Info: Redefining \ref on input line 6417.
LaTeX Info: Redefining \pageref on input line 6421.

("/Users/arjun/Library/Application Support/MiKTeX/texmfs/install/tex/generic/at
begshi/atbegshi.sty"
Package: atbegshi 2019/12/05 v1.19 At begin shipout hook (HO)
)
\Hy@abspage=\count195
\c@Item=\count196
\c@Hfootnote=\count197
)
Package hyperref Info: Driver (autodetected): hpdftex.

("/Users/arjun/Library/Application Support/MiKTeX/texmfs/install/tex/latex/hype
rref/hpdftex.def"
File: hpdftex.def 2020-05-15 v7.00e Hyperref driver for pdfTeX

("/Users/arjun/Library/Application Support/MiKTeX/texmfs/install/tex/latex/atve
ryend/atveryend.sty"
Package: atveryend 2019-12-11 v1.11 Hooks at the very end of document (HO)
)
\Fld@listcount=\count198
\c@bookmark@seq@number=\count199

("/Users/arjun/Library/Application Support/MiKTeX/texmfs/install/tex/latex/reru
nfilecheck/rerunfilecheck.sty"
Package: rerunfilecheck 2019/12/05 v1.9 Rerun checks for auxiliary files (HO)

("/Users/arjun/Library/Application Support/MiKTeX/texmfs/install/tex/generic/un
iquecounter/uniquecounter.sty"
Package: uniquecounter 2019/12/15 v1.4 Provide unlimited unique counter (HO)
)
Package uniquecounter Info: New unique counter `rerunfilecheck' on input line 2
86.
)
\Hy@SectionHShift=\skip53
)
Package hyperref Info: Option `breaklinks' set `true' on input line 34.

("/Users/arjun/Library/Application Support/MiKTeX/texmfs/install/tex/latex/geom
etry/geometry.sty"
Package: geometry 2020/01/02 v5.9 Page Geometry

("/Users/arjun/Library/Application Support/MiKTeX/texmfs/install/tex/generic/if
tex/ifvtex.sty"
Package: ifvtex 2019/10/25 v1.7 ifvtex legacy package. Use iftex instead.
)
\Gm@cnth=\count266
\Gm@cntv=\count267
\c@Gm@tempcnt=\count268
\Gm@bindingoffset=\dimen149
\Gm@wd@mp=\dimen150
\Gm@odd@mp=\dimen151
\Gm@even@mp=\dimen152
\Gm@layoutwidth=\dimen153
\Gm@layoutheight=\dimen154
\Gm@layouthoffset=\dimen155
\Gm@layoutvoffset=\dimen156
\Gm@dimlist=\toks25

("/Users/arjun/Library/Application Support/MiKTeX/texmfs/install/tex/latex/geom
etry/geometry.cfg"))
("/Users/arjun/Library/Application Support/MiKTeX/texmfs/install/tex/latex/grap
hics/color.sty"
Package: color 2019/11/23 v1.2a Standard LaTeX Color (DPC)

("/Users/arjun/Library/Application Support/MiKTeX/texmfs/install/tex/latex/grap
hics-cfg/color.cfg"
File: color.cfg 2016/01/02 v1.6 sample color configuration
)
Package color Info: Driver file: pdftex.def on input line 147.

("/Users/arjun/Library/Application Support/MiKTeX/texmfs/install/tex/latex/grap
hics-def/pdftex.def"
File: pdftex.def 2018/01/08 v1.0l Graphics/color driver for pdftex
))
("/Users/arjun/Library/Application Support/MiKTeX/texmfs/install/tex/latex/fanc
yvrb/fancyvrb.sty"
Package: fancyvrb 2020/05/03 v3.6 verbatim text (tvz,hv)
\FV@CodeLineNo=\count269
\FV@InFile=\read2
\FV@TabBox=\box47
\c@FancyVerbLine=\count270
\FV@StepNumber=\count271
\FV@OutFile=\write3
)
("/Users/arjun/Library/Application Support/MiKTeX/texmfs/install/tex/latex/fram
ed/framed.sty"
Package: framed 2011/10/22 v 0.96: framed or shaded text with page breaks
\OuterFrameSep=\skip54
\fb@frw=\dimen157
\fb@frh=\dimen158
\FrameRule=\dimen159
\FrameSep=\dimen160
)
("/Users/arjun/Library/Application Support/MiKTeX/texmfs/install/tex/latex/grap
hics/graphicx.sty"
Package: graphicx 2019/11/30 v1.2a Enhanced LaTeX Graphics (DPC,SPQR)

("/Users/arjun/Library/Application Support/MiKTeX/texmfs/install/tex/latex/grap
hics/graphics.sty"
Package: graphics 2019/11/30 v1.4a Standard LaTeX Graphics (DPC,SPQR)

("/Users/arjun/Library/Application Support/MiKTeX/texmfs/install/tex/latex/grap
hics/trig.sty"
Package: trig 2016/01/03 v1.10 sin cos tan (DPC)
)
("/Users/arjun/Library/Application Support/MiKTeX/texmfs/install/tex/latex/grap
hics-cfg/graphics.cfg"
File: graphics.cfg 2016/06/04 v1.11 sample graphics configuration
)
Package graphics Info: Driver file: pdftex.def on input line 105.
)
\Gin@req@height=\dimen161
\Gin@req@width=\dimen162
)
("/Users/arjun/Library/Application Support/MiKTeX/texmfs/install/tex/latex/grff
ile/grffile.sty"
Package: grffile 2019/11/11 v2.1 Extended file name support for graphics (legac
y)
Package grffile Info: This package is an empty stub for compatibility on input 
line 40.
)
("/Users/arjun/Library/Application Support/MiKTeX/texmfs/install/tex/latex/book
tabs/booktabs.sty"
Package: booktabs 2020/01/12 v1.61803398 Publication quality tables
\heavyrulewidth=\dimen163
\lightrulewidth=\dimen164
\cmidrulewidth=\dimen165
\belowrulesep=\dimen166
\belowbottomsep=\dimen167
\aboverulesep=\dimen168
\abovetopsep=\dimen169
\cmidrulesep=\dimen170
\cmidrulekern=\dimen171
\defaultaddspace=\dimen172
\@cmidla=\count272
\@cmidlb=\count273
\@aboverulesep=\dimen173
\@belowrulesep=\dimen174
\@thisruleclass=\count274
\@lastruleclass=\count275
\@thisrulewidth=\dimen175
)
("/Users/arjun/Library/Application Support/MiKTeX/texmfs/install/tex/latex/tool
s/longtable.sty"
Package: longtable 2020/01/07 v4.13 Multi-page Table package (DPC)
\LTleft=\skip55
\LTright=\skip56
\LTpre=\skip57
\LTpost=\skip58
\LTchunksize=\count276
\LTcapwidth=\dimen176
\LT@head=\box48
\LT@firsthead=\box49
\LT@foot=\box50
\LT@lastfoot=\box51
\LT@cols=\count277
\LT@rows=\count278
\c@LT@tables=\count279
\c@LT@chunks=\count280
\LT@p@ftn=\toks26
)
("/Users/arjun/Library/Application Support/MiKTeX/texmfs/install/tex/latex/tool
s/array.sty"
Package: array 2019/08/31 v2.4l Tabular extension package (FMi)
\col@sep=\dimen177
\ar@mcellbox=\box52
\extrarowheight=\dimen178
\NC@list=\toks27
\extratabsurround=\skip59
\backup@length=\skip60
\ar@cellbox=\box53
)
("/Users/arjun/Library/Application Support/MiKTeX/texmfs/install/tex/latex/mult
irow/multirow.sty"
Package: multirow 2019/05/31 v2.5 Span multiple rows of a table
\multirow@colwidth=\skip61
\multirow@cntb=\count281
\multirow@dima=\skip62
\bigstrutjot=\dimen179
)
("/Users/arjun/Library/Application Support/MiKTeX/texmfs/install/tex/latex/wrap
fig/wrapfig.sty"
\wrapoverhang=\dimen180
\WF@size=\dimen181
\c@WF@wrappedlines=\count282
\WF@box=\box54
\WF@everypar=\toks28
Package: wrapfig 2003/01/31  v 3.6
)
("/Users/arjun/Library/Application Support/MiKTeX/texmfs/install/tex/latex/floa
t/float.sty"
Package: float 2001/11/08 v1.3d Float enhancements (AL)
\c@float@type=\count283
\float@exts=\toks29
\float@box=\box55
\@float@everytoks=\toks30
\@floatcapt=\box56
)
("/Users/arjun/Library/Application Support/MiKTeX/texmfs/install/tex/latex/colo
rtbl/colortbl.sty"
Package: colortbl 2020/01/04 v1.0e Color table columns (DPC)
\everycr=\toks31
\minrowclearance=\skip63
)
("/Users/arjun/Library/Application Support/MiKTeX/texmfs/install/tex/latex/pdfl
scape/pdflscape.sty"
Package: pdflscape 2019/12/05 v0.12 Display of landscape pages in PDF (HO)

("/Users/arjun/Library/Application Support/MiKTeX/texmfs/install/tex/latex/grap
hics/lscape.sty"
Package: lscape 2000/10/22 v3.01 Landscape Pages (DPC)
)
Package pdflscape Info: Auto-detected driver: pdftex on input line 81.
)
("/Users/arjun/Library/Application Support/MiKTeX/texmfs/install/tex/latex/tabu
/tabu.sty"
Package: tabu 2019/01/11 v2.9 - flexible LaTeX tabulars (FC+tabu-fixed)

("/Users/arjun/Library/Application Support/MiKTeX/texmfs/install/tex/latex/varw
idth/varwidth.sty"
Package: varwidth 2009/03/30 ver 0.92;  Variable-width minipages
\@vwid@box=\box57
\sift@deathcycles=\count284
\@vwid@loff=\dimen182
\@vwid@roff=\dimen183
)
\c@taburow=\count285
\tabu@nbcols=\count286
\tabu@cnt=\count287
\tabu@Xcol=\count288
\tabu@alloc=\count289
\tabu@nested=\count290
\tabu@target=\dimen184
\tabu@spreadtarget=\dimen185
\tabu@naturalX=\dimen186
\tabucolX=\dimen187
\tabu@Xsum=\dimen188
\extrarowdepth=\dimen189
\abovetabulinesep=\dimen190
\belowtabulinesep=\dimen191
\tabustrutrule=\dimen192
\tabu@thebody=\toks32
\tabu@footnotes=\toks33
\tabu@box=\box58
\tabu@arstrutbox=\box59
\tabu@hleads=\box60
\tabu@vleads=\box61
\tabu@cellskip=\skip64
)
("/Users/arjun/Library/Application Support/MiKTeX/texmfs/install/tex/latex/thre
eparttable/threeparttable.sty"
Package: threeparttable 2003/06/13  v 3.0
\@tempboxb=\box62
)
("/Users/arjun/Library/Application Support/MiKTeX/texmfs/install/tex/latex/thre
eparttablex/threeparttablex.sty"
Package: threeparttablex 2013/07/23 v0.3 by daleif

("/Users/arjun/Library/Application Support/MiKTeX/texmfs/install/tex/latex/envi
ron/environ.sty"
Package: environ 2014/05/04 v0.3 A new way to define environments

("/Users/arjun/Library/Application Support/MiKTeX/texmfs/install/tex/latex/trim
spaces/trimspaces.sty"
Package: trimspaces 2009/09/17 v1.1 Trim spaces around a token list
))
\TPTL@width=\skip65
)
("/Users/arjun/Library/Application Support/MiKTeX/texmfs/install/tex/latex/ulem
/ulem.sty"
\UL@box=\box63
\UL@hyphenbox=\box64
\UL@skip=\skip66
\UL@hook=\toks34
\UL@height=\dimen193
\UL@pe=\count291
\UL@pixel=\dimen194
\ULC@box=\box65
Package: ulem 2019/11/18
\ULdepth=\dimen195
)
("/Users/arjun/Library/Application Support/MiKTeX/texmfs/install/tex/latex/make
cell/makecell.sty"
Package: makecell 2009/08/03 V0.1e Managing of Tab Column Heads and Cells
\rotheadsize=\dimen196
\c@nlinenum=\count292
\TeXr@lab=\toks35
)
("/Users/arjun/Library/Application Support/MiKTeX/texmfs/install/tex/latex/xcol
or/xcolor.sty"
Package: xcolor 2016/05/11 v2.12 LaTeX color extensions (UK)

("/Users/arjun/Library/Application Support/MiKTeX/texmfs/install/tex/latex/grap
hics-cfg/color.cfg"
File: color.cfg 2016/01/02 v1.6 sample color configuration
)
Package xcolor Info: Driver file: pdftex.def on input line 225.
LaTeX Info: Redefining \color on input line 709.
Package xcolor Info: Model `cmy' substituted by `cmy0' on input line 1348.
Package xcolor Info: Model `hsb' substituted by `rgb' on input line 1352.
Package xcolor Info: Model `RGB' extended on input line 1364.
Package xcolor Info: Model `HTML' substituted by `rgb' on input line 1366.
Package xcolor Info: Model `Hsb' substituted by `hsb' on input line 1367.
Package xcolor Info: Model `tHsb' substituted by `hsb' on input line 1368.
Package xcolor Info: Model `HSB' substituted by `hsb' on input line 1369.
Package xcolor Info: Model `Gray' substituted by `gray' on input line 1370.
Package xcolor Info: Model `wave' substituted by `hsb' on input line 1371.
)
("/Users/arjun/Library/Application Support/MiKTeX/texmfs/install/tex/latex/l3ba
ckend/l3backend-pdfmode.def"
File: l3backend-pdfmode.def 2020-03-12 L3 backend support: PDF mode
\l__kernel_color_stack_int=\count293
\l__pdf_internal_box=\box66
) (2020.06.01-Analysis-Description.aux)
\openout1 = `2020.06.01-Analysis-Description.aux'.

LaTeX Font Info:    Checking defaults for OML/cmm/m/it on input line 124.
LaTeX Font Info:    ... okay on input line 124.
LaTeX Font Info:    Checking defaults for OMS/cmsy/m/n on input line 124.
LaTeX Font Info:    ... okay on input line 124.
LaTeX Font Info:    Checking defaults for OT1/cmr/m/n on input line 124.
LaTeX Font Info:    ... okay on input line 124.
LaTeX Font Info:    Checking defaults for T1/cmr/m/n on input line 124.
LaTeX Font Info:    ... okay on input line 124.
LaTeX Font Info:    Checking defaults for TS1/cmr/m/n on input line 124.
LaTeX Font Info:    ... okay on input line 124.
LaTeX Font Info:    Checking defaults for OMX/cmex/m/n on input line 124.
LaTeX Font Info:    ... okay on input line 124.
LaTeX Font Info:    Checking defaults for U/cmr/m/n on input line 124.
LaTeX Font Info:    ... okay on input line 124.
LaTeX Font Info:    Checking defaults for PD1/pdf/m/n on input line 124.
LaTeX Font Info:    ... okay on input line 124.
LaTeX Font Info:    Checking defaults for PU/pdf/m/n on input line 124.
LaTeX Font Info:    ... okay on input line 124.
LaTeX Info: Redefining \microtypecontext on input line 124.
Package microtype Info: Generating PDF output.
Package microtype Info: Character protrusion enabled (level 2).
Package microtype Info: Using protrusion set `basicmath'.
Package microtype Info: Automatic font expansion enabled (level 2),
(microtype)             stretch: 20, shrink: 20, step: 1, non-selected.
Package microtype Info: Using default expansion set `basictext'.
LaTeX Info: Redefining \showhyphens on input line 124.
Package microtype Info: No adjustment of tracking.
Package microtype Info: No adjustment of interword spacing.
Package microtype Info: No adjustment of character kerning.

("/Users/arjun/Library/Application Support/MiKTeX/texmfs/install/tex/latex/micr
otype/mt-cmr.cfg"
File: mt-cmr.cfg 2013/05/19 v2.2 microtype config. file: Computer Modern Roman 
(RS)
)
\AtBeginShipoutBox=\box67
Package hyperref Info: Link coloring OFF on input line 124.

("/Users/arjun/Library/Application Support/MiKTeX/texmfs/install/tex/latex/hype
rref/nameref.sty"
Package: nameref 2019/09/16 v2.46 Cross-referencing by name of section

("/Users/arjun/Library/Application Support/MiKTeX/texmfs/install/tex/latex/refc
ount/refcount.sty"
Package: refcount 2019/12/15 v3.6 Data extraction from label references (HO)
)
("/Users/arjun/Library/Application Support/MiKTeX/texmfs/install/tex/generic/ge
ttitlestring/gettitlestring.sty"
Package: gettitlestring 2019/12/15 v1.6 Cleanup title references (HO)
)
\c@section@level=\count294
)
LaTeX Info: Redefining \ref on input line 124.
LaTeX Info: Redefining \pageref on input line 124.
LaTeX Info: Redefining \nameref on input line 124.
(2020.06.01-Analysis-Description.out) (2020.06.01-Analysis-Description.out)
\@outlinefile=\write4
\openout4 = `2020.06.01-Analysis-Description.out'.

*geometry* driver: auto-detecting
*geometry* detected driver: pdftex
*geometry* verbose mode - [ preamble ] result:
* driver: pdftex
* paper: <default>
* layout: <same size as paper>
* layoutoffset:(h,v)=(0.0pt,0.0pt)
* modes: 
* h-part:(L,W,R)=(72.26999pt, 469.75502pt, 72.26999pt)
* v-part:(T,H,B)=(72.26999pt, 650.43001pt, 72.26999pt)
* \paperwidth=614.295pt
* \paperheight=794.96999pt
* \textwidth=469.75502pt
* \textheight=650.43001pt
* \oddsidemargin=0.0pt
* \evensidemargin=0.0pt
* \topmargin=-37.0pt
* \headheight=12.0pt
* \headsep=25.0pt
* \topskip=10.0pt
* \footskip=30.0pt
* \marginparwidth=65.0pt
* \marginparsep=11.0pt
* \columnsep=10.0pt
* \skip\footins=9.0pt plus 4.0pt minus 2.0pt
* \hoffset=0.0pt
* \voffset=0.0pt
* \mag=1000
* \@twocolumnfalse
* \@twosidefalse
* \@mparswitchfalse
* \@reversemarginfalse
* (1in=72.27pt=25.4mm, 1cm=28.453pt)


("/Users/arjun/Library/Application Support/MiKTeX/texmfs/install/tex/context/ba
se/mkii/supp-pdf.mkii"
[Loading MPS to PDF converter (version 2006.09.02).]
\scratchcounter=\count295
\scratchdimen=\dimen197
\scratchbox=\box68
\nofMPsegments=\count296
\nofMParguments=\count297
\everyMPshowfont=\toks36
\MPscratchCnt=\count298
\MPscratchDim=\dimen198
\MPnumerator=\count299
\makeMPintoPDFobject=\count300
\everyMPtoPDFconversion=\toks37
)
("/Users/arjun/Library/Application Support/MiKTeX/texmfs/install/tex/latex/epst
opdf-pkg/epstopdf-base.sty"
Package: epstopdf-base 2020-01-24 v2.11 Base part for package epstopdf
Package epstopdf-base Info: Redefining graphics rule for `.eps' on input line 4
85.
)
LaTeX Font Info:    Trying to load font information for OT1+lmr on input line 1
26.

("/Users/arjun/Library/Application Support/MiKTeX/texmfs/install/tex/latex/lm/o
t1lmr.fd"
File: ot1lmr.fd 2009/10/30 v1.6 Font defs for Latin Modern
)
LaTeX Font Info:    Trying to load font information for OML+lmm on input line 1
26.

("/Users/arjun/Library/Application Support/MiKTeX/texmfs/install/tex/latex/lm/o
mllmm.fd"
File: omllmm.fd 2009/10/30 v1.6 Font defs for Latin Modern
)
LaTeX Font Info:    Trying to load font information for OMS+lmsy on input line 
126.

("/Users/arjun/Library/Application Support/MiKTeX/texmfs/install/tex/latex/lm/o
mslmsy.fd"
File: omslmsy.fd 2009/10/30 v1.6 Font defs for Latin Modern
)
LaTeX Font Info:    Trying to load font information for OMX+lmex on input line 
126.

("/Users/arjun/Library/Application Support/MiKTeX/texmfs/install/tex/latex/lm/o
mxlmex.fd"
File: omxlmex.fd 2009/10/30 v1.6 Font defs for Latin Modern
)
LaTeX Font Info:    External font `lmex10' loaded for size
(Font)              <12> on input line 126.
LaTeX Font Info:    External font `lmex10' loaded for size
(Font)              <8> on input line 126.
LaTeX Font Info:    External font `lmex10' loaded for size
(Font)              <6> on input line 126.
LaTeX Font Info:    Trying to load font information for U+msa on input line 126
.

("/Users/arjun/Library/Application Support/MiKTeX/texmfs/install/tex/latex/amsf
onts/umsa.fd"
File: umsa.fd 2013/01/14 v3.01 AMS symbols A
)
("/Users/arjun/Library/Application Support/MiKTeX/texmfs/install/tex/latex/micr
otype/mt-msa.cfg"
File: mt-msa.cfg 2006/02/04 v1.1 microtype config. file: AMS symbols (a) (RS)
)
LaTeX Font Info:    Trying to load font information for U+msb on input line 126
.

("/Users/arjun/Library/Application Support/MiKTeX/texmfs/install/tex/latex/amsf
onts/umsb.fd"
File: umsb.fd 2013/01/14 v3.01 AMS symbols B
)
("/Users/arjun/Library/Application Support/MiKTeX/texmfs/install/tex/latex/micr
otype/mt-msb.cfg"
File: mt-msb.cfg 2005/06/01 v1.0 microtype config. file: AMS symbols (b) (RS)
)
LaTeX Font Info:    External font `lmex10' loaded for size
(Font)              <10> on input line 135.
LaTeX Font Info:    External font `lmex10' loaded for size
(Font)              <7> on input line 135.
LaTeX Font Info:    External font `lmex10' loaded for size
(Font)              <5> on input line 135.

Package xcolor Warning: Incompatible color definition on input line 159.

LaTeX Font Info:    Trying to load font information for T1+lmtt on input line 1
60.

("/Users/arjun/Library/Application Support/MiKTeX/texmfs/install/tex/latex/lm/t
1lmtt.fd"
File: t1lmtt.fd 2009/10/30 v1.6 Font defs for Latin Modern
)
LaTeX Font Info:    Font shape `T1/lmtt/bx/n' in size <10> not available
(Font)              Font shape `T1/lmtt/b/n' tried instead on input line 164.
LaTeX Font Info:    Trying to load font information for TS1+lmtt on input line 
164.

("/Users/arjun/Library/Application Support/MiKTeX/texmfs/install/tex/latex/lm/t
s1lmtt.fd"
File: ts1lmtt.fd 2009/10/30 v1.6 Font defs for Latin Modern
)

Package xcolor Warning: Incompatible color definition on input line 325.


Package xcolor Warning: Incompatible color definition on input line 325.


Package xcolor Warning: Incompatible color definition on input line 325.

[1

{/Users/arjun/Library/Application Support/MiKTeX/texmfs/data/pdftex/config/pdft
ex.map}]

Package xcolor Warning: Incompatible color definition on input line 325.


Package xcolor Warning: Incompatible color definition on input line 325.


Underfull \vbox (badness 10000) detected at line 325
 []


Underfull \vbox (badness 10000) detected at line 325
 []


Package xcolor Warning: Incompatible color definition on input line 325.

[2]

Package xcolor Warning: Incompatible color definition on input line 325.


Package xcolor Warning: Incompatible color definition on input line 325.


Underfull \vbox (badness 10000) detected at line 325
 []


Underfull \vbox (badness 10000) detected at line 325
 []


Package xcolor Warning: Incompatible color definition on input line 325.

[3]

Package xcolor Warning: Incompatible color definition on input line 325.


Package xcolor Warning: Incompatible color definition on input line 325.

LaTeX Font Info:    Trying to load font information for TS1+lmr on input line 3
39.

("/Users/arjun/Library/Application Support/MiKTeX/texmfs/install/tex/latex/lm/t
s1lmr.fd"
File: ts1lmr.fd 2009/10/30 v1.6 Font defs for Latin Modern
) [4]

Package xcolor Warning: Incompatible color definition on input line 391.


Package xcolor Warning: Incompatible color definition on input line 505.


Package xcolor Warning: Incompatible color definition on input line 505.


Package xcolor Warning: Incompatible color definition on input line 505.

[5]

Package xcolor Warning: Incompatible color definition on input line 505.


Package xcolor Warning: Incompatible color definition on input line 505.


Underfull \vbox (badness 10000) detected at line 505
 []


Underfull \vbox (badness 10000) detected at line 505
 []


Package xcolor Warning: Incompatible color definition on input line 505.

[6]

Package xcolor Warning: Incompatible color definition on input line 505.


Package xcolor Warning: Incompatible color definition on input line 505.


Package xcolor Warning: Incompatible color definition on input line 516.


Package xcolor Warning: Incompatible color definition on input line 586.


Package xcolor Warning: Incompatible color definition on input line 586.


Package xcolor Warning: Incompatible color definition on input line 586.

[7]

Package xcolor Warning: Incompatible color definition on input line 586.


Package xcolor Warning: Incompatible color definition on input line 586.


Package xcolor Warning: Incompatible color definition on input line 595.

[8]

Package xcolor Warning: Incompatible color definition on input line 607.


Package xcolor Warning: Incompatible color definition on input line 607.


Package xcolor Warning: Incompatible color definition on input line 617.


Package xcolor Warning: Incompatible color definition on input line 649.


Package xcolor Warning: Incompatible color definition on input line 649.

Package atveryend Info: Empty hook `BeforeClearDocument' on input line 651.
[9]
Package atveryend Info: Empty hook `AfterLastShipout' on input line 651.
(2020.06.01-Analysis-Description.aux)
Package atveryend Info: Executing hook `AtVeryEndDocument' on input line 651.
Package atveryend Info: Executing hook `AtEndAfterFileList' on input line 651.
Package rerunfilecheck Info: File `2020.06.01-Analysis-Description.out' has not
 changed.
(rerunfilecheck)             Checksum: 978F1E4F430351B65FFFACD09ED7EB06;1511.
 ) 
Here is how much of TeX's memory you used:
 14724 strings out of 482934
 223299 string characters out of 2951997
 531711 words of memory out of 3000000
 29906 multiletter control sequences out of 15000+200000
 582172 words of font info for 99 fonts, out of 3000000 for 9000
 0 hyphenation exceptions out of 8191
 34i,5n,42p,841b,383s stack positions out of 5000i,500n,10000p,200000b,50000s
{/Users/arjun/Library/Application Support/MiKTeX/texmfs/install/fonts/enc/dvi
ps/lm/lm-ts1.enc}{/Users/arjun/Library/Application Support/MiKTeX/texmfs/instal
l/fonts/enc/dvips/lm/lm-rm.enc}{/Users/arjun/Library/Application Support/MiKTeX
/texmfs/install/fonts/enc/dvips/lm/lm-ec.enc}{/Users/arjun/Library/Application 
Support/MiKTeX/texmfs/install/fonts/enc/dvips/lm/lm-mathex.enc}{/Users/arjun/Li
brary/Application Support/MiKTeX/texmfs/install/fonts/enc/dvips/lm/lm-mathsy.en
c}{/Users/arjun/Library/Application Support/MiKTeX/texmfs/install/fonts/enc/dvi
ps/lm/lm-mathit.enc}</Users/arjun/Library/Application Support/MiKTeX/texmfs/ins
tall/fonts/type1/public/lm/lmbx10.pfb></Users/arjun/Library/Application Support
/MiKTeX/texmfs/install/fonts/type1/public/lm/lmbx12.pfb></Users/arjun/Library/A
pplication Support/MiKTeX/texmfs/install/fonts/type1/public/lm/lmex10.pfb></Use
rs/arjun/Library/Application Support/MiKTeX/texmfs/install/fonts/type1/public/l
m/lmmi10.pfb></Users/arjun/Library/Application Support/MiKTeX/texmfs/install/fo
nts/type1/public/lm/lmmi7.pfb></Users/arjun/Library/Application Support/MiKTeX/
texmfs/install/fonts/type1/public/lm/lmr10.pfb></Users/arjun/Library/Applicatio
n Support/MiKTeX/texmfs/install/fonts/type1/public/lm/lmr17.pfb></Users/arjun/L
ibrary/Application Support/MiKTeX/texmfs/install/fonts/type1/public/lm/lmr7.pfb
></Users/arjun/Library/Application Support/MiKTeX/texmfs/install/fonts/type1/pu
blic/lm/lmsy10.pfb></Users/arjun/Library/Application Support/MiKTeX/texmfs/inst
all/fonts/type1/public/lm/lmtk10.pfb></Users/arjun/Library/Application Support/
MiKTeX/texmfs/install/fonts/type1/public/lm/lmtt10.pfb></Users/arjun/Library/Ap
plication Support/MiKTeX/texmfs/install/fonts/type1/public/lm/lmtti10.pfb></Use
rs/arjun/Library/Application Support/MiKTeX/texmfs/install/fonts/type1/public/a
msfonts/symbols/msbm10.pfb>
Output written on 2020.06.01-Analysis-Description.pdf (9 pages, 266724 bytes).
PDF statistics:
 138 PDF objects out of 1000 (max. 8388607)
 18 named destinations out of 1000 (max. 500000)
 10281 words of extra memory for PDF output out of 12000 (max. 10000000)


! pdflatex: major issue: So far, no MiKTeX administrator has checked for updates.
